Build started 11/1/2014 6:45:43 PM.
     1>Project "C:\Users\James Alliban\Work\of_v0.8.0_vs_release\CRITICAL-INFRASTRUCTURE\of\Active Tripod\Active_Tripod.vcxproj" on node 2 (Build target(s)).
     1>ClCompile:
         C:\Program Files (x86)\Microsoft Visual Studio 11.0\VC\bin\CL.exe /c /I..\..\..\libs\openFrameworks /I..\..\..\libs\openFrameworks\graphics /I..\..\..\libs\openFrameworks\app /I..\..\..\libs\openFrameworks\sound /I..\..\..\libs\openFrameworks\utils /I..\..\..\libs\openFrameworks\communication /I..\..\..\libs\openFrameworks\video /I..\..\..\libs\openFrameworks\types /I..\..\..\libs\openFrameworks\math /I..\..\..\libs\openFrameworks\3d /I..\..\..\libs\openFrameworks\gl /I..\..\..\libs\openFrameworks\events /I..\..\..\libs\glut\include /I..\..\..\libs\rtAudio\include /I..\..\..\libs\quicktime\include /I..\..\..\libs\freetype\include /I..\..\..\libs\freetype\include\freetype2 /I..\..\..\libs\freeImage\include /I..\..\..\libs\fmodex\include /I..\..\..\libs\videoInput\include /I..\..\..\libs\glew\include\ /I..\..\..\libs\glu\include /I..\..\..\libs\tess2\include /I..\..\..\libs\cairo\include\cairo /I..\..\..\libs\poco\include /I..\..\..\libs\glfw\include /I..\..\..\libs\openssl\include /I..\..\..\addons /Isrc /Isrc\data /Isrc\gui /Isrc\visual /Isrc\visual\graph /I..\..\..\addons\ofxLibwebsockets\libs\jsoncpp /I..\..\..\addons\ofxLibwebsockets\libs\jsoncpp\json /I..\..\..\addons\ofxLibwebsockets\libs\libwebsockets\include\ /I..\..\..\addons\ofxLibwebsockets\libs\openssl\openssl /I..\..\..\addons\ofxLibwebsockets\libs\ofxLibwebsockets\include /I..\..\..\addons\ofxLibwebsockets\libs\ofxLibwebsockets\include\ofxLibwebsockets /I..\..\..\addons\ofxLibwebsockets\libs\ofxLibwebsockets\src /I..\..\..\addons\ofxLibwebsockets\src /I..\..\..\addons\ofxLibwebsockets\libs\libwebsockets\include\win32port /I..\..\..\addons\ofxLibwebsockets\libs\libwebsockets\include\win32port\win32helpers /I..\..\..\addons\ofxSpacebrew\src /I..\..\..\addons\ofxUI\src /I..\..\..\addons\ofxXmlSettings\libs /I..\..\..\addons\ofxXmlSettings\src /I..\..\..\addons\ofxFTGL\src /I..\..\..\addons\ofxFTGL\libs\FTGL\include\FTGL /I..\..\..\addons\ofxFTGL\libs\FTGL\include /I..\..\..\addons\ofxFTGL\libs\FTGL /ZI /nologo /W3 /WX- /Od /Oy- /D WIN32 /D _DEBUG /D _CONSOLE /D POCO_STATIC /D CAIRO_WIN32_STATIC_BUILD /D DISABLE_SOME_FLOATING_POINT /D _UNICODE /D UNICODE /Gm /EHsc /RTC1 /MDd /GS /fp:precise /Zc:wchar_t /Zc:forScope /Fo"obj\Debug\\" /Fd"obj\Debug\vc110.pdb" /Gd /TP /analyze- /errorReport:prompt ..\..\..\addons\ofxFTGL\src\ofxFTGLFont.cpp ..\..\..\addons\ofxFTGL\src\ofxFTGLSimpleLayout.cpp ..\..\..\addons\ofxXmlSettings\libs\tinyxml.cpp ..\..\..\addons\ofxXmlSettings\libs\tinyxmlerror.cpp ..\..\..\addons\ofxXmlSettings\libs\tinyxmlparser.cpp ..\..\..\addons\ofxXmlSettings\src\ofxXmlSettings.cpp src\data\DataManager.cpp src\gui\GUI.cpp src\gui\GUIManager.cpp src\main.cpp src\testApp.cpp ..\..\..\addons\ofxLibwebsockets\libs\jsoncpp\jsoncpp.cpp ..\..\..\addons\ofxLibwebsockets\libs\ofxLibwebsockets\src\Server.cpp ..\..\..\addons\ofxLibwebsockets\libs\ofxLibwebsockets\src\Reactor.cpp ..\..\..\addons\ofxLibwebsockets\libs\ofxLibwebsockets\src\Protocol.cpp ..\..\..\addons\ofxLibwebsockets\libs\ofxLibwebsockets\src\Events.cpp ..\..\..\addons\ofxLibwebsockets\libs\ofxLibwebsockets\src\Connection.cpp ..\..\..\addons\ofxLibwebsockets\libs\ofxLibwebsockets\src\Client.cpp ..\..\..\addons\ofxSpacebrew\src\ofxSpacebrew.cpp src\visual\graph\AbstractGraph.cpp src\visual\graph\BarGraph.cpp src\visual\graph\BodyGraph.cpp src\visual\graph\SeparateBodyGraph.cpp src\visual\Scene.cpp
         Scene.cpp
     1>c:\users\james alliban\work\of_v0.8.0_vs_release\libs\poco\include\poco\streamconverter.h(126): warning C4250: 'Poco::InputStreamConverter' : inherits 'std::basic_istream<_Elem,_Traits>::std::basic_istream<_Elem,_Traits>::_Add_vtordisp1' via dominance
                 with
                 [
                     _Elem=char,
                     _Traits=std::char_traits<char>
                 ]
                 c:\program files (x86)\microsoft visual studio 11.0\vc\include\istream(74) : see declaration of 'std::basic_istream<_Elem,_Traits>::_Add_vtordisp1'
                 with
                 [
                     _Elem=char,
                     _Traits=std::char_traits<char>
                 ]
     1>c:\users\james alliban\work\of_v0.8.0_vs_release\libs\poco\include\poco\streamconverter.h(144): warning C4250: 'Poco::OutputStreamConverter' : inherits 'std::basic_ostream<_Elem,_Traits>::std::basic_ostream<_Elem,_Traits>::_Add_vtordisp2' via dominance
                 with
                 [
                     _Elem=char,
                     _Traits=std::char_traits<char>
                 ]
                 c:\program files (x86)\microsoft visual studio 11.0\vc\include\ostream(90) : see declaration of 'std::basic_ostream<_Elem,_Traits>::_Add_vtordisp2'
                 with
                 [
                     _Elem=char,
                     _Traits=std::char_traits<char>
                 ]
         SeparateBodyGraph.cpp
     1>c:\users\james alliban\work\of_v0.8.0_vs_release\libs\poco\include\poco\streamconverter.h(126): warning C4250: 'Poco::InputStreamConverter' : inherits 'std::basic_istream<_Elem,_Traits>::std::basic_istream<_Elem,_Traits>::_Add_vtordisp1' via dominance
                 with
                 [
                     _Elem=char,
                     _Traits=std::char_traits<char>
                 ]
                 c:\program files (x86)\microsoft visual studio 11.0\vc\include\istream(74) : see declaration of 'std::basic_istream<_Elem,_Traits>::_Add_vtordisp1'
                 with
                 [
                     _Elem=char,
                     _Traits=std::char_traits<char>
                 ]
     1>c:\users\james alliban\work\of_v0.8.0_vs_release\libs\poco\include\poco\streamconverter.h(144): warning C4250: 'Poco::OutputStreamConverter' : inherits 'std::basic_ostream<_Elem,_Traits>::std::basic_ostream<_Elem,_Traits>::_Add_vtordisp2' via dominance
                 with
                 [
                     _Elem=char,
                     _Traits=std::char_traits<char>
                 ]
                 c:\program files (x86)\microsoft visual studio 11.0\vc\include\ostream(90) : see declaration of 'std::basic_ostream<_Elem,_Traits>::_Add_vtordisp2'
                 with
                 [
                     _Elem=char,
                     _Traits=std::char_traits<char>
                 ]
     1>Done Building Project "C:\Users\James Alliban\Work\of_v0.8.0_vs_release\CRITICAL-INFRASTRUCTURE\of\Active Tripod\Active_Tripod.vcxproj" (Build target(s)) -- FAILED.

Build FAILED.

Time Elapsed 00:00:14.29
